<?xml version="1.0" encoding="UTF-8"?>
<!-- Generated by org.testng.reporters.JUnitXMLReporter -->
<testsuite hostname="LAPTOP-0FIKSCFP" ignored="0" name="Default test" tests="5" failures="0" timestamp="2020-06-18T23:05:55 IST" time="104.677" errors="0">
  <testcase name="VerifyContactPageLavelTest" time="0.094" classname="com.crmfaa.qa.testcases.ContactsPageTest"/>
  <testcase name="verifyNewButtonClickTest" time="1.493" classname="com.crmfaa.qa.testcases.ContactsPageTest"/>
  <testcase name="verifyContactCreationTest" time="8.313" classname="com.crmfaa.qa.testcases.ContactsPageTest"/>
  <testcase name="verifyContactCreationTest" time="6.897" classname="com.crmfaa.qa.testcases.ContactsPageTest"/>
  <testcase name="verifyContactCreationTest" time="7.443" classname="com.crmfaa.qa.testcases.ContactsPageTest"/>
</testsuite> <!-- Default test -->
