<?xml version="1.0" encoding="UTF-8"?>
<!-- Generated by org.testng.reporters.JUnitXMLReporter -->
<testsuite hostname="LAPTOP-0FIKSCFP" ignored="0" name="Regression" tests="4" failures="0" timestamp="2020-04-15T23:50:27 IST" time="41.278" errors="0">
  <testcase name="VerifyReg" time="2.459" classname="com.practice.SeleniumTest.SampleSelTest"/>
  <testcase name="support" time="1.343" classname="com.practice.SeleniumTest.SampleSelTest"/>
  <testcase name="Test1" time="11.113" classname="com.practice.SeleniumTest.SessionHandleTest"/>
  <testcase name="Test2" time="10.537" classname="com.practice.SeleniumTest.SessionHandleTest"/>
</testsuite> <!-- Regression -->
