<?xml version="1.0" encoding="UTF-8"?>
<!-- Generated by org.testng.reporters.JUnitXMLReporter -->
<testsuite hostname="LAPTOP-0FIKSCFP" ignored="0" name="TestOne" tests="5" failures="0" timestamp="2020-06-18T15:39:28 IST" time="109.998" errors="0">
  <testcase name="VerifyContactPageLavelTest" time="0.211" classname="com.crmfaa.qa.testcases.ContactsPageTest"/>
  <testcase name="verifyNewButtonClickTest" time="2.897" classname="com.crmfaa.qa.testcases.ContactsPageTest"/>
  <testcase name="verifyContactCreationTest" time="6.651" classname="com.crmfaa.qa.testcases.ContactsPageTest"/>
  <testcase name="verifyContactCreationTest" time="8.389" classname="com.crmfaa.qa.testcases.ContactsPageTest"/>
  <testcase name="verifyContactCreationTest" time="9.347" classname="com.crmfaa.qa.testcases.ContactsPageTest"/>
</testsuite> <!-- TestOne -->
