<?xml version="1.0" encoding="UTF-8"?>
<!-- Generated by org.testng.reporters.JUnitXMLReporter -->
<testsuite hostname="LAPTOP-0FIKSCFP" ignored="0" name="TestingForCRMApplication" tests="9" failures="0" timestamp="2020-06-27T23:25:43 IST" time="155.823" errors="0">
  <testcase name="VerifyContactPageLavelTest" time="0.134" classname="com.crmfaa.qa.testcases.ContactsPageTest"/>
  <testcase name="loginPageTitleTest" time="0.008" classname="com.crmfaa.qa.testcases.LoginPageTest"/>
  <testcase name="verifyCorrectUserName" time="1.383" classname="com.crmfaa.qa.testcases.HomePageTest"/>
  <testcase name="loginTest" time="0.374" classname="com.crmfaa.qa.testcases.LoginPageTest"/>
  <testcase name="verifyContactClick" time="2.395" classname="com.crmfaa.qa.testcases.HomePageTest"/>
  <testcase name="verifyNewButtonClickTest" time="4.848" classname="com.crmfaa.qa.testcases.ContactsPageTest"/>
  <testcase name="verifyContactCreationTest" time="8.549" classname="com.crmfaa.qa.testcases.ContactsPageTest"/>
  <testcase name="verifyContactCreationTest" time="6.004" classname="com.crmfaa.qa.testcases.ContactsPageTest"/>
  <testcase name="verifyContactCreationTest" time="8.692" classname="com.crmfaa.qa.testcases.ContactsPageTest"/>
</testsuite> <!-- TestingForCRMApplication -->
