<?xml version="1.0" encoding="UTF-8"?>
<!-- Generated by org.testng.reporters.JUnitXMLReporter -->
<testsuite hostname="LAPTOP-0FIKSCFP" ignored="0" name="TestingForCRMApplication" tests="5" failures="0" timestamp="2020-06-18T18:32:17 IST" time="100.977" errors="0">
  <testcase name="VerifyContactPageLavelTest" time="0.093" classname="com.crmfaa.qa.testcases.ContactsPageTest"/>
  <testcase name="verifyNewButtonClickTest" time="1.573" classname="com.crmfaa.qa.testcases.ContactsPageTest"/>
  <testcase name="verifyContactCreationTest" time="6.339" classname="com.crmfaa.qa.testcases.ContactsPageTest"/>
  <testcase name="verifyContactCreationTest" time="6.197" classname="com.crmfaa.qa.testcases.ContactsPageTest"/>
  <testcase name="verifyContactCreationTest" time="6.226" classname="com.crmfaa.qa.testcases.ContactsPageTest"/>
</testsuite> <!-- TestingForCRMApplication -->
