<?xml version="1.0" encoding="UTF-8"?>
<!-- Generated by org.testng.reporters.JUnitXMLReporter -->
<testsuite hostname="LAPTOP-0FIKSCFP" ignored="0" name="Test" tests="3" failures="2" timestamp="2020-06-13T23:06:44 IST" time="0.078" errors="0">
  <testcase name="Test1" time="0.013" classname="com.listenerTest.SecondClsForListener">
    <failure type="java.lang.AssertionError" message="expected [true] but found [false]">
      <![CDATA[java.lang.AssertionError: expected [true] but found [false]
at com.listenerTest.SecondClsForListener.Test1(SecondClsForListener.java:15)
at java.util.ArrayList.forEach(ArrayList.java:1257)
... Removed 31 stack frames]]>
    </failure>
  </testcase> <!-- Test1 -->
  <testcase name="Test2" time="0.001" classname="com.listenerTest.SecondClsForListener">
    <failure type="java.lang.AssertionError" message="expected [true] but found [false]">
      <![CDATA[java.lang.AssertionError: expected [true] but found [false]
at com.listenerTest.SecondClsForListener.Test2(SecondClsForListener.java:22)
at java.util.ArrayList.forEach(ArrayList.java:1257)
... Removed 31 stack frames]]>
    </failure>
  </testcase> <!-- Test2 -->
  <testcase name="Test3" time="0.003" classname="com.listenerTest.SecondClsForListener">
    <skipped/>
  </testcase> <!-- Test3 -->
</testsuite> <!-- Test -->
