<?xml version="1.0" encoding="UTF-8"?>
<testng-results skipped="0" failed="0" ignored="0" total="5" passed="5">
  <reporter-output>
  </reporter-output>
  <suite name="Default suite" duration-ms="104677" started-at="2020-06-18T23:04:10 IST" finished-at="2020-06-18T23:05:55 IST">
    <groups>
    </groups>
    <test name="Default test" duration-ms="104677" started-at="2020-06-18T23:04:10 IST" finished-at="2020-06-18T23:05:55 IST">
      <class name="com.crmfaa.qa.testcases.ContactsPageTest">
        <test-method status="PASS" signature="Setup()[pri:0, instance:com.crmfaa.qa.testcases.ContactsPageTest@ed9d034]" name="Setup" is-config="true" duration-ms="14006" started-at="2020-06-18T23:04:10 IST" finished-at="2020-06-18T23:04:24 IST">
          <reporter-output>
          </reporter-output>
        </test-method> <!-- Setup -->
        <test-method status="PASS" signature="VerifyContactPageLavelTest()[pri:1, instance:com.crmfaa.qa.testcases.ContactsPageTest@ed9d034]" name="VerifyContactPageLavelTest" duration-ms="94" started-at="2020-06-18T23:04:24 IST" finished-at="2020-06-18T23:04:24 IST">
          <reporter-output>
          </reporter-output>
        </test-method> <!-- VerifyContactPageLavelTest -->
        <test-method status="PASS" signature="LastMethod()[pri:0, instance:com.crmfaa.qa.testcases.ContactsPageTest@ed9d034]" name="LastMethod" is-config="true" duration-ms="4178" started-at="2020-06-18T23:04:24 IST" finished-at="2020-06-18T23:04:29 IST">
          <reporter-output>
          </reporter-output>
        </test-method> <!-- LastMethod -->
        <test-method status="PASS" signature="Setup()[pri:0, instance:com.crmfaa.qa.testcases.ContactsPageTest@ed9d034]" name="Setup" is-config="true" duration-ms="11446" started-at="2020-06-18T23:04:29 IST" finished-at="2020-06-18T23:04:40 IST">
          <reporter-output>
          </reporter-output>
        </test-method> <!-- Setup -->
        <test-method status="PASS" signature="verifyNewButtonClickTest()[pri:2, instance:com.crmfaa.qa.testcases.ContactsPageTest@ed9d034]" name="verifyNewButtonClickTest" duration-ms="1493" started-at="2020-06-18T23:04:40 IST" finished-at="2020-06-18T23:04:41 IST">
          <reporter-output>
          </reporter-output>
        </test-method> <!-- verifyNewButtonClickTest -->
        <test-method status="PASS" signature="LastMethod()[pri:0, instance:com.crmfaa.qa.testcases.ContactsPageTest@ed9d034]" name="LastMethod" is-config="true" duration-ms="4104" started-at="2020-06-18T23:04:41 IST" finished-at="2020-06-18T23:04:46 IST">
          <reporter-output>
          </reporter-output>
        </test-method> <!-- LastMethod -->
        <test-method status="PASS" signature="Setup()[pri:0, instance:com.crmfaa.qa.testcases.ContactsPageTest@ed9d034]" name="Setup" is-config="true" duration-ms="13726" started-at="2020-06-18T23:04:46 IST" finished-at="2020-06-18T23:05:00 IST">
          <reporter-output>
          </reporter-output>
        </test-method> <!-- Setup -->
        <test-method status="PASS" signature="verifyContactCreationTest(java.lang.String, java.lang.String)[pri:3, instance:com.crmfaa.qa.testcases.ContactsPageTest@ed9d034]" name="verifyContactCreationTest" duration-ms="8313" started-at="2020-06-18T23:05:00 IST" data-provider="getCRTestData" finished-at="2020-06-18T23:05:08 IST">
          <params>
            <param index="0">
              <value>
                <![CDATA[Sonar]]>
              </value>
            </param>
            <param index="1">
              <value>
                <![CDATA[Laal]]>
              </value>
            </param>
          </params>
          <reporter-output>
          </reporter-output>
        </test-method> <!-- verifyContactCreationTest -->
        <test-method status="PASS" signature="LastMethod()[pri:0, instance:com.crmfaa.qa.testcases.ContactsPageTest@ed9d034]" name="LastMethod" is-config="true" duration-ms="4179" started-at="2020-06-18T23:05:08 IST" finished-at="2020-06-18T23:05:12 IST">
          <reporter-output>
          </reporter-output>
        </test-method> <!-- LastMethod -->
        <test-method status="PASS" signature="Setup()[pri:0, instance:com.crmfaa.qa.testcases.ContactsPageTest@ed9d034]" name="Setup" is-config="true" duration-ms="12133" started-at="2020-06-18T23:05:12 IST" finished-at="2020-06-18T23:05:24 IST">
          <reporter-output>
          </reporter-output>
        </test-method> <!-- Setup -->
        <test-method status="PASS" signature="verifyContactCreationTest(java.lang.String, java.lang.String)[pri:3, instance:com.crmfaa.qa.testcases.ContactsPageTest@ed9d034]" name="verifyContactCreationTest" duration-ms="6897" started-at="2020-06-18T23:05:24 IST" data-provider="getCRTestData" finished-at="2020-06-18T23:05:31 IST">
          <params>
            <param index="0">
              <value>
                <![CDATA[Anand]]>
              </value>
            </param>
            <param index="1">
              <value>
                <![CDATA[Prasad]]>
              </value>
            </param>
          </params>
          <reporter-output>
          </reporter-output>
        </test-method> <!-- verifyContactCreationTest -->
        <test-method status="PASS" signature="LastMethod()[pri:0, instance:com.crmfaa.qa.testcases.ContactsPageTest@ed9d034]" name="LastMethod" is-config="true" duration-ms="4217" started-at="2020-06-18T23:05:31 IST" finished-at="2020-06-18T23:05:35 IST">
          <reporter-output>
          </reporter-output>
        </test-method> <!-- LastMethod -->
        <test-method status="PASS" signature="Setup()[pri:0, instance:com.crmfaa.qa.testcases.ContactsPageTest@ed9d034]" name="Setup" is-config="true" duration-ms="11800" started-at="2020-06-18T23:05:35 IST" finished-at="2020-06-18T23:05:47 IST">
          <reporter-output>
          </reporter-output>
        </test-method> <!-- Setup -->
        <test-method status="PASS" signature="verifyContactCreationTest(java.lang.String, java.lang.String)[pri:3, instance:com.crmfaa.qa.testcases.ContactsPageTest@ed9d034]" name="verifyContactCreationTest" duration-ms="7443" started-at="2020-06-18T23:05:47 IST" data-provider="getCRTestData" finished-at="2020-06-18T23:05:55 IST">
          <params>
            <param index="0">
              <value>
                <![CDATA[Shubhra]]>
              </value>
            </param>
            <param index="1">
              <value>
                <![CDATA[Jyoti]]>
              </value>
            </param>
          </params>
          <reporter-output>
          </reporter-output>
        </test-method> <!-- verifyContactCreationTest -->
        <test-method status="PASS" signature="LastMethod()[pri:0, instance:com.crmfaa.qa.testcases.ContactsPageTest@ed9d034]" name="LastMethod" is-config="true" duration-ms="172" started-at="2020-06-18T23:05:55 IST" finished-at="2020-06-18T23:05:55 IST">
          <reporter-output>
          </reporter-output>
        </test-method> <!-- LastMethod -->
      </class> <!-- com.crmfaa.qa.testcases.ContactsPageTest -->
    </test> <!-- Default test -->
  </suite> <!-- Default suite -->
</testng-results>
